Using pre-set license
Built from '2021.3/staging' branch; Version is '2021.3.8f1 (b30333d56e81) revision 11731763'; Using compiler version '192829333'; Build Type 'Release'
OS: 'Windows 10  (10.0.19044) 64bit Professional' Language: 'tr' Physical Memory: 16328 MB
BatchMode: 1, IsHumanControllingUs: 0, StartBugReporterOnCrash: 0, Is64bit: 1, IsPro: 1

COMMAND LINE ARGUMENTS:
C:\Program Files\Unity\Hub\Editor\2021.3.8f1\Editor\Unity.exe
-adb2
-batchMode
-noUpm
-name
AssetImportWorker1
-projectPath
C:/Users/melih/Desktop/Melih/Unity/UnityProjects/GoodjbDemo
-logFile
Logs/AssetImportWorker1.log
-srvPort
62200
Successfully changed project path to: C:/Users/melih/Desktop/Melih/Unity/UnityProjects/GoodjbDemo
C:/Users/melih/Desktop/Melih/Unity/UnityProjects/GoodjbDemo
[UnityMemory] Configuration Parameters - Can be set up in boot.config
    "memorysetup-bucket-allocator-granularity=16"
    "memorysetup-bucket-allocator-bucket-count=8"
    "memorysetup-bucket-allocator-block-size=33554432"
    "memorysetup-bucket-allocator-block-count=8"
    "memorysetup-main-allocator-block-size=16777216"
    "memorysetup-thread-allocator-block-size=16777216"
    "memorysetup-gfx-main-allocator-block-size=16777216"
    "memorysetup-gfx-thread-allocator-block-size=16777216"
    "memorysetup-cache-allocator-block-size=4194304"
    "memorysetup-typetree-allocator-block-size=2097152"
    "memorysetup-profiler-bucket-allocator-granularity=16"
    "memorysetup-profiler-bucket-allocator-bucket-count=8"
    "memorysetup-profiler-bucket-allocator-block-size=33554432"
    "memorysetup-profiler-bucket-allocator-block-count=8"
    "memorysetup-profiler-allocator-block-size=16777216"
    "memorysetup-profiler-editor-allocator-block-size=1048576"
    "memorysetup-temp-allocator-size-main=16777216"
    "memorysetup-job-temp-allocator-block-size=2097152"
    "memorysetup-job-temp-allocator-block-size-background=1048576"
    "memorysetup-job-temp-allocator-reduction-small-platforms=262144"
    "memorysetup-temp-allocator-size-background-worker=32768"
    "memorysetup-temp-allocator-size-job-worker=262144"
    "memorysetup-temp-allocator-size-preload-manager=33554432"
    "memorysetup-temp-allocator-size-nav-mesh-worker=65536"
    "memorysetup-temp-allocator-size-audio-worker=65536"
    "memorysetup-temp-allocator-size-cloud-worker=32768"
    "memorysetup-temp-allocator-size-gi-baking-worker=262144"
    "memorysetup-temp-allocator-size-gfx=262144"
Refreshing native plugins compatible for Editor in 80.00 ms, found 3 plugins.
Preloading 0 native plugins for Editor in 0.00 ms.
Initialize engine version: 2021.3.8f1 (b30333d56e81)
[Subsystems] Discovering subsystems at path C:/Program Files/Unity/Hub/Editor/2021.3.8f1/Editor/Data/Resources/UnitySubsystems
[Subsystems] Discovering subsystems at path C:/Users/melih/Desktop/Melih/Unity/UnityProjects/GoodjbDemo/Assets
GfxDevice: creating device client; threaded=0; jobified=0
Direct3D:
    Version:  Direct3D 11.0 [level 11.1]
    Renderer: NVIDIA GeForce RTX 3060 Ti (ID=0x2489)
    Vendor:   NVIDIA
    VRAM:     8050 MB
    Driver:   31.0.15.1694
Initialize mono
Mono path[0] = 'C:/Program Files/Unity/Hub/Editor/2021.3.8f1/Editor/Data/Managed'
Mono path[1] = 'C:/Program Files/Unity/Hub/Editor/2021.3.8f1/Editor/Data/MonoBleedingEdge/lib/mono/unityjit-win32'
Mono config path = 'C:/Program Files/Unity/Hub/Editor/2021.3.8f1/Editor/Data/MonoBleedingEdge/etc'
Using monoOptions --debugger-agent=transport=dt_socket,embedding=1,server=y,suspend=n,address=127.0.0.1:56328
Begin MonoManager ReloadAssembly
Registering precompiled unity dll's ...
Register platform support module: C:/Program Files/Unity/Hub/Editor/2021.3.8f1/Editor/Data/PlaybackEngines/WindowsStandaloneSupport/UnityEditor.WindowsStandalone.Extensions.dll
Registered in 0.007014 seconds.
Native extension for WindowsStandalone target not found
Refreshing native plugins compatible for Editor in 82.41 ms, found 3 plugins.
Preloading 0 native plugins for Editor in 0.00 ms.
Mono: successfully reloaded assembly
- Completed reload, in  0.494 seconds
Domain Reload Profiling:
	ReloadAssembly (494ms)
		BeginReloadAssembly (58ms)
			ExecutionOrderSort (0ms)
			DisableScriptedObjects (0ms)
			BackupInstance (0ms)
			ReleaseScriptingObjects (0ms)
			CreateAndSetChildDomain (0ms)
		EndReloadAssembly (350ms)
			LoadAssemblies (56ms)
			RebuildTransferFunctionScriptingTraits (0ms)
			SetupTypeCache (71ms)
			ReleaseScriptCaches (0ms)
			RebuildScriptCaches (21ms)
			SetupLoadedEditorAssemblies (213ms)
				LogAssemblyErrors (0ms)
				InitializePlatformSupportModulesInManaged (6ms)
				SetLoadedEditorAssemblies (0ms)
				RefreshPlugins (82ms)
				BeforeProcessingInitializeOnLoad (1ms)
				ProcessInitializeOnLoadAttributes (91ms)
				ProcessInitializeOnLoadMethodAttributes (32ms)
				AfterProcessingInitializeOnLoad (0ms)
				EditorAssembliesLoaded (0ms)
			ExecutionOrderSort2 (0ms)
			AwakeInstancesAfterBackupRestoration (0ms)
Platform modules already initialized, skipping
Registering precompiled user dll's ...
Registered in 0.008021 seconds.
Begin MonoManager ReloadAssembly
Symbol file LoadedFromMemory doesn't match image C:\Users\melih\Desktop\Melih\Unity\UnityProjects\GoodjbDemo\Library\PackageCache\com.unity.visualscripting@1.7.8\Editor\VisualScripting.Core\Dependencies\YamlDotNet\Unity.VisualScripting.YamlDotNet.dll
Symbol file LoadedFromMemory doesn't match image C:\Users\melih\Desktop\Melih\Unity\UnityProjects\GoodjbDemo\Library\PackageCache\com.unity.visualscripting@1.7.8\Editor\VisualScripting.Core\Dependencies\DotNetZip\Unity.VisualScripting.IonicZip.dll
Native extension for WindowsStandalone target not found
Refreshing native plugins compatible for Editor in 85.01 ms, found 3 plugins.
Preloading 0 native plugins for Editor in 0.00 ms.
Mono: successfully reloaded assembly
- Completed reload, in  0.963 seconds
Domain Reload Profiling:
	ReloadAssembly (964ms)
		BeginReloadAssembly (85ms)
			ExecutionOrderSort (0ms)
			DisableScriptedObjects (4ms)
			BackupInstance (0ms)
			ReleaseScriptingObjects (0ms)
			CreateAndSetChildDomain (14ms)
		EndReloadAssembly (791ms)
			LoadAssemblies (70ms)
			RebuildTransferFunctionScriptingTraits (0ms)
			SetupTypeCache (198ms)
			ReleaseScriptCaches (1ms)
			RebuildScriptCaches (43ms)
			SetupLoadedEditorAssemblies (447ms)
				LogAssemblyErrors (0ms)
				InitializePlatformSupportModulesInManaged (4ms)
				SetLoadedEditorAssemblies (0ms)
				RefreshPlugins (85ms)
				BeforeProcessingInitializeOnLoad (104ms)
				ProcessInitializeOnLoadAttributes (183ms)
				ProcessInitializeOnLoadMethodAttributes (63ms)
				AfterProcessingInitializeOnLoad (8ms)
				EditorAssembliesLoaded (0ms)
			ExecutionOrderSort2 (0ms)
			AwakeInstancesAfterBackupRestoration (4ms)
Platform modules already initialized, skipping
========================================================================
Worker process is ready to serve import requests
Launched and connected shader compiler UnityShaderCompiler.exe after 0.03 seconds
Refreshing native plugins compatible for Editor in 0.74 ms, found 3 plugins.
Preloading 0 native plugins for Editor in 0.00 ms.
Unloading 5099 Unused Serialized files (Serialized files now loaded: 0)
Unloading 37 unused Assets / (0.8 MB). Loaded Objects now: 5547.
Memory consumption went from 196.2 MB to 195.4 MB.
Total: 3.048400 ms (FindLiveObjects: 0.279200 ms CreateObjectMapping: 0.126900 ms MarkObjects: 2.385300 ms  DeleteObjects: 0.256100 ms)

AssetImportParameters requested are different than current active one (requested -> active):
  custom:video-decoder-ogg-theora: a1e56fd34408186e4bbccfd4996cb3dc -> 
  custom:container-muxer-webm: aa71ff27fc2769a1b78a27578f13a17b -> 
  custom:container-demuxer-webm: 4f35f7cbe854078d1ac9338744f61a02 -> 
  custom:video-encoder-webm-vp8: eb34c28f22e8b96e1ab97ce403110664 -> 
  custom:audio-encoder-webm-vorbis: bf7c407c2cedff20999df2af8eb42d56 -> 
  custom:framework-win-MediaFoundation: 216162199b28c13a410421893ffa2e32 -> 
  custom:container-demuxer-ogg: 62fdf1f143b41e24485cea50d1cbac27 -> 
  custom:video-decoder-webm-vp8: 9c59270c3fd7afecdb556c50c9e8de78 -> 
  custom:audio-decoder-ogg-vorbis: bf7c407c2cedff20999df2af8eb42d56 -> 
========================================================================
Received Import Request.
  Time since last request: 5945.143923 seconds.
  path: Assets
  artifactKey: Guid(00000000000000001000000000000000) Importer(815301076,1909f56bfc062723c751e8b465ee728b)
Start importing Assets using Guid(00000000000000001000000000000000) Importer(815301076,1909f56bfc062723c751e8b465ee728b)  -> (artifact id: '79842766b460edbeab6a34051e857a80') in 0.011832 seconds 
========================================================================
Received Import Request.
  Time since last request: 4.430436 seconds.
  path: Assets/New Universal Render Pipeline Asset_Renderer.asset
  artifactKey: Guid(b0bae2dad9e4f874ba9d3f38e0e1f880) Importer(815301076,1909f56bfc062723c751e8b465ee728b)
Start importing Assets/New Universal Render Pipeline Asset_Renderer.asset using Guid(b0bae2dad9e4f874ba9d3f38e0e1f880) Importer(815301076,1909f56bfc062723c751e8b465ee728b)  -> (artifact id: 'e951ed123acea4934d89bfdd98a6d788') in 0.043557 seconds 
========================================================================
Received Prepare
Switching render pipeline 00000000000000000000000000000000 -> 07379206d819434469a094e1bb40ebe1
Refreshing native plugins compatible for Editor in 5.83 ms, found 3 plugins.
Preloading 0 native plugins for Editor in 0.00 ms.
Unloading 78 Unused Serialized files (Serialized files now loaded: 0)
Unloading 30 unused Assets / (0.7 MB). Loaded Objects now: 5596.
Memory consumption went from 93.6 MB to 92.9 MB.
Total: 3.670700 ms (FindLiveObjects: 0.320500 ms CreateObjectMapping: 0.236300 ms MarkObjects: 2.746800 ms  DeleteObjects: 0.366400 ms)

AssetImportParameters requested are different than current active one (requested -> active):
  custom:video-decoder-ogg-theora: a1e56fd34408186e4bbccfd4996cb3dc -> 
  custom:container-muxer-webm: aa71ff27fc2769a1b78a27578f13a17b -> 
  custom:container-demuxer-webm: 4f35f7cbe854078d1ac9338744f61a02 -> 
  custom:video-encoder-webm-vp8: eb34c28f22e8b96e1ab97ce403110664 -> 
  custom:audio-encoder-webm-vorbis: bf7c407c2cedff20999df2af8eb42d56 -> 
  custom:framework-win-MediaFoundation: 216162199b28c13a410421893ffa2e32 -> 
  custom:container-demuxer-ogg: 62fdf1f143b41e24485cea50d1cbac27 -> 
  custom:video-decoder-webm-vp8: 9c59270c3fd7afecdb556c50c9e8de78 -> 
  custom:audio-decoder-ogg-vorbis: bf7c407c2cedff20999df2af8eb42d56 -> 
========================================================================
Received Import Request.
  Time since last request: 38.248717 seconds.
  path: Assets/UniversalRenderPipelineGlobalSettings.asset
  artifactKey: Guid(a0c6b3b9081793242bc996b2fe31b845) Importer(815301076,1909f56bfc062723c751e8b465ee728b)
Start importing Assets/UniversalRenderPipelineGlobalSettings.asset using Guid(a0c6b3b9081793242bc996b2fe31b845) Importer(815301076,1909f56bfc062723c751e8b465ee728b)  -> (artifact id: '8f4d1d772565e005f7814d32d4628017') in 0.008705 seconds 
========================================================================
Received Import Request.
  Time since last request: 31.099039 seconds.
  path: Assets/hair.fbx
  artifactKey: Guid(beb2f0c9588584276a2c26529ef0fcc8) Importer(815301076,1909f56bfc062723c751e8b465ee728b)
Start importing Assets/hair.fbx using Guid(beb2f0c9588584276a2c26529ef0fcc8) Importer(815301076,1909f56bfc062723c751e8b465ee728b)  -> (artifact id: 'afd54eafccacca7534b53cf38f7478b7') in 0.954496 seconds 
========================================================================
Received Import Request.
  Time since last request: 0.000028 seconds.
  path: Assets/wax_cubuk.fbx
  artifactKey: Guid(257cf1734d99d4cb1b9b28196b0aa575) Importer(815301076,1909f56bfc062723c751e8b465ee728b)
Start importing Assets/wax_cubuk.fbx using Guid(257cf1734d99d4cb1b9b28196b0aa575) Importer(815301076,1909f56bfc062723c751e8b465ee728b)  -> (artifact id: '245694cecb7171d98336a7730493f91c') in 0.039649 seconds 
========================================================================
Received Prepare
Registering precompiled user dll's ...
Registered in 0.024664 seconds.
Begin MonoManager ReloadAssembly
Symbol file LoadedFromMemory doesn't match image C:\Users\melih\Desktop\Melih\Unity\UnityProjects\GoodjbDemo\Library\PackageCache\com.unity.visualscripting@1.7.8\Editor\VisualScripting.Core\Dependencies\YamlDotNet\Unity.VisualScripting.YamlDotNet.dll
Symbol file LoadedFromMemory doesn't match image C:\Users\melih\Desktop\Melih\Unity\UnityProjects\GoodjbDemo\Library\PackageCache\com.unity.visualscripting@1.7.8\Editor\VisualScripting.Core\Dependencies\DotNetZip\Unity.VisualScripting.IonicZip.dll
Native extension for WindowsStandalone target not found
Refreshing native plugins compatible for Editor in 1.02 ms, found 4 plugins.
Preloading 0 native plugins for Editor in 0.00 ms.
[ScriptCompilation] NOT recompiling all scripts because this is an import worker process. Reason to compile was: Define symbols changed
Mono: successfully reloaded assembly
- Completed reload, in  0.948 seconds
Domain Reload Profiling:
	ReloadAssembly (949ms)
		BeginReloadAssembly (117ms)
			ExecutionOrderSort (0ms)
			DisableScriptedObjects (5ms)
			BackupInstance (0ms)
			ReleaseScriptingObjects (0ms)
			CreateAndSetChildDomain (37ms)
		EndReloadAssembly (750ms)
			LoadAssemblies (70ms)
			RebuildTransferFunctionScriptingTraits (0ms)
			SetupTypeCache (224ms)
			ReleaseScriptCaches (2ms)
			RebuildScriptCaches (36ms)
			SetupLoadedEditorAssemblies (352ms)
				LogAssemblyErrors (0ms)
				InitializePlatformSupportModulesInManaged (12ms)
				SetLoadedEditorAssemblies (0ms)
				RefreshPlugins (1ms)
				BeforeProcessingInitializeOnLoad (84ms)
				ProcessInitializeOnLoadAttributes (183ms)
				ProcessInitializeOnLoadMethodAttributes (63ms)
				AfterProcessingInitializeOnLoad (8ms)
				EditorAssembliesLoaded (0ms)
			ExecutionOrderSort2 (0ms)
			AwakeInstancesAfterBackupRestoration (8ms)
Platform modules already initialized, skipping
Refreshing native plugins compatible for Editor in 5.21 ms, found 4 plugins.
Preloading 0 native plugins for Editor in 0.00 ms.
Unloading 5460 Unused Serialized files (Serialized files now loaded: 0)
Unloading 58 unused Assets / (1.9 MB). Loaded Objects now: 6086.
Memory consumption went from 215.6 MB to 213.7 MB.
Total: 3.625000 ms (FindLiveObjects: 0.337600 ms CreateObjectMapping: 0.126700 ms MarkObjects: 2.498800 ms  DeleteObjects: 0.660400 ms)

AssetImportParameters requested are different than current active one (requested -> active):
  custom:video-decoder-ogg-theora: a1e56fd34408186e4bbccfd4996cb3dc -> 
  custom:container-muxer-webm: aa71ff27fc2769a1b78a27578f13a17b -> 
  custom:container-demuxer-webm: 4f35f7cbe854078d1ac9338744f61a02 -> 
  custom:video-encoder-webm-vp8: eb34c28f22e8b96e1ab97ce403110664 -> 
  custom:audio-encoder-webm-vorbis: bf7c407c2cedff20999df2af8eb42d56 -> 
  custom:framework-win-MediaFoundation: 216162199b28c13a410421893ffa2e32 -> 
  custom:container-demuxer-ogg: 62fdf1f143b41e24485cea50d1cbac27 -> 
  custom:video-decoder-webm-vp8: 9c59270c3fd7afecdb556c50c9e8de78 -> 
  custom:audio-decoder-ogg-vorbis: bf7c407c2cedff20999df2af8eb42d56 -> 
========================================================================
Received Import Request.
  Time since last request: 725.370000 seconds.
  path: Assets/Obi/Samples/Common/Projectile.prefab
  artifactKey: Guid(c4206a5894ce44718a49c85f2749de3f) Importer(815301076,1909f56bfc062723c751e8b465ee728b)
Start importing Assets/Obi/Samples/Common/Projectile.prefab using Guid(c4206a5894ce44718a49c85f2749de3f) Importer(815301076,1909f56bfc062723c751e8b465ee728b)  -> (artifact id: '6a4a7bec98801661a3024fcb743bf441') in 0.157958 seconds 
========================================================================
Received Import Request.
  Time since last request: 23.071152 seconds.
  path: Assets/Obi/Resources/ObiMaterials/InstancedStandard.mat
  artifactKey: Guid(2b7dfa8ebb76247318ce5b7df4b97484) Importer(815301076,1909f56bfc062723c751e8b465ee728b)
Start importing Assets/Obi/Resources/ObiMaterials/InstancedStandard.mat using Guid(2b7dfa8ebb76247318ce5b7df4b97484) Importer(815301076,1909f56bfc062723c751e8b465ee728b)  -> (artifact id: '3d0f6abe31667d2ef3e844e772d779d0') in 0.064939 seconds 
========================================================================
Received Import Request.
  Time since last request: 0.000020 seconds.
  path: Assets/Obi/Resources/ObiMaterials/ObiUtils.cginc
  artifactKey: Guid(fe1b10a99f88a45a09abf1a13d62b63f) Importer(815301076,1909f56bfc062723c751e8b465ee728b)
Start importing Assets/Obi/Resources/ObiMaterials/ObiUtils.cginc using Guid(fe1b10a99f88a45a09abf1a13d62b63f) Importer(815301076,1909f56bfc062723c751e8b465ee728b)  -> (artifact id: 'c44c3cc1827d75f77888b7143458f59f') in 0.006301 seconds 
========================================================================
Received Import Request.
  Time since last request: 0.000022 seconds.
  path: Assets/Obi/Resources/ObiMaterials/particle.png
  artifactKey: Guid(568ceb11f52ec4d36abc82bcf61af795) Importer(815301076,1909f56bfc062723c751e8b465ee728b)
Start importing Assets/Obi/Resources/ObiMaterials/particle.png using Guid(568ceb11f52ec4d36abc82bcf61af795) Importer(815301076,1909f56bfc062723c751e8b465ee728b)  -> (artifact id: '1d2f1f56009f97d6ccb9f659a86df7ac') in 0.015588 seconds 
========================================================================
Received Import Request.
  Time since last request: 0.000019 seconds.
  path: Assets/Obi/Resources/ObiMaterials/ObiLightingBuiltIn.cginc
  artifactKey: Guid(135872c7cdf2b43bf89b8c57d067d4de) Importer(815301076,1909f56bfc062723c751e8b465ee728b)
Start importing Assets/Obi/Resources/ObiMaterials/ObiLightingBuiltIn.cginc using Guid(135872c7cdf2b43bf89b8c57d067d4de) Importer(815301076,1909f56bfc062723c751e8b465ee728b)  -> (artifact id: '2db41571c3952eb03a11411c133a0fe5') in 0.005084 seconds 
========================================================================
Received Import Request.
  Time since last request: 0.000024 seconds.
  path: Assets/Obi/Resources/ObiMaterials/ObiParticles.cginc
  artifactKey: Guid(e4575c757879646c793ff2b434b83e74) Importer(815301076,1909f56bfc062723c751e8b465ee728b)
Start importing Assets/Obi/Resources/ObiMaterials/ObiParticles.cginc using Guid(e4575c757879646c793ff2b434b83e74) Importer(815301076,1909f56bfc062723c751e8b465ee728b)  -> (artifact id: 'b1f9cac21a3e84750f293837761cd89a') in 0.004595 seconds 
========================================================================
Received Import Request.
  Time since last request: 13.405053 seconds.
  path: Assets/Obi/Resources/GUI/ProfilerSkin.guiskin
  artifactKey: Guid(b90d3c214c99743b0865fc0e0d1f1a15) Importer(815301076,1909f56bfc062723c751e8b465ee728b)
Start importing Assets/Obi/Resources/GUI/ProfilerSkin.guiskin using Guid(b90d3c214c99743b0865fc0e0d1f1a15) Importer(815301076,1909f56bfc062723c751e8b465ee728b)  -> (artifact id: '6806e5675eec6745f00e91b3236f32a5') in 0.009976 seconds 
========================================================================
Received Import Request.
  Time since last request: 0.000017 seconds.
  path: Assets/Obi/Resources/GUI/thread_bck.png
  artifactKey: Guid(8b6df8323f27749f58cbd0563786435b) Importer(815301076,1909f56bfc062723c751e8b465ee728b)
Start importing Assets/Obi/Resources/GUI/thread_bck.png using Guid(8b6df8323f27749f58cbd0563786435b) Importer(815301076,1909f56bfc062723c751e8b465ee728b)  -> (artifact id: 'ecde78dc46fc4c119f7ee816fd6702c6') in 0.018781 seconds 
========================================================================
Received Import Request.
  Time since last request: 0.000027 seconds.
  path: Assets/Obi/Resources/GUI/scroll_peg.png
  artifactKey: Guid(06f4c4a011cc740c08e92ac6806b7353) Importer(815301076,1909f56bfc062723c751e8b465ee728b)
Start importing Assets/Obi/Resources/GUI/scroll_peg.png using Guid(06f4c4a011cc740c08e92ac6806b7353) Importer(815301076,1909f56bfc062723c751e8b465ee728b)  -> (artifact id: 'e266d4945110e9cc6fe1d2dd7a7aec3c') in 0.011366 seconds 
========================================================================
Received Import Request.
  Time since last request: 13.777514 seconds.
  path: Assets/Obi/Samples/Softbody/SampleResources/Blueprints/CharacterFBVS.asset
  artifactKey: Guid(6370f4f4d673545c09079de4b06ad461) Importer(815301076,1909f56bfc062723c751e8b465ee728b)
Start importing Assets/Obi/Samples/Softbody/SampleResources/Blueprints/CharacterFBVS.asset using Guid(6370f4f4d673545c09079de4b06ad461) Importer(815301076,1909f56bfc062723c751e8b465ee728b)  -> (artifact id: 'f586802c3c047d98da172d7999d3049f') in 0.023945 seconds 
========================================================================
Received Import Request.
  Time since last request: 0.000026 seconds.
  path: Assets/Obi/Samples/Softbody/SampleResources/Blueprints/PlasticSheet.asset
  artifactKey: Guid(29403acdece704291bb057230ce45734) Importer(815301076,1909f56bfc062723c751e8b465ee728b)
Start importing Assets/Obi/Samples/Softbody/SampleResources/Blueprints/PlasticSheet.asset using Guid(29403acdece704291bb057230ce45734) Importer(815301076,1909f56bfc062723c751e8b465ee728b)  -> (artifact id: '852e1a2b0908ffbdd14a1723ffa312aa') in 0.010755 seconds 
========================================================================
Received Import Request.
  Time since last request: 47.204272 seconds.
  path: Assets/Obi/Editor/Resources/DistanceFieldPreview.mat
  artifactKey: Guid(5dde1f45f471c48a1a13fc4b8c0b5b43) Importer(815301076,1909f56bfc062723c751e8b465ee728b)
Start importing Assets/Obi/Editor/Resources/DistanceFieldPreview.mat using Guid(5dde1f45f471c48a1a13fc4b8c0b5b43) Importer(815301076,1909f56bfc062723c751e8b465ee728b)  -> (artifact id: '097f58d9d092e1fca6971c212c4d61c2') in 0.056257 seconds 
========================================================================
Received Import Request.
  Time since last request: 0.000021 seconds.
  path: Assets/Obi/Editor/Resources/PaddingMaterial.mat
  artifactKey: Guid(8c11f7c3415044fd9b6bc7896f38f9d8) Importer(815301076,1909f56bfc062723c751e8b465ee728b)
Start importing Assets/Obi/Editor/Resources/PaddingMaterial.mat using Guid(8c11f7c3415044fd9b6bc7896f38f9d8) Importer(815301076,1909f56bfc062723c751e8b465ee728b)  -> (artifact id: 'c9a61a448f1004263da3ade718d3a9e0') in 0.036829 seconds 
========================================================================
Received Import Request.
  Time since last request: 0.000019 seconds.
  path: Assets/Obi/Samples/Common/SampleResources/Materials/TestEnvironment.mat
  artifactKey: Guid(a0a5f9e13fa7c47f78547e54896609da) Importer(815301076,1909f56bfc062723c751e8b465ee728b)
Start importing Assets/Obi/Samples/Common/SampleResources/Materials/TestEnvironment.mat using Guid(a0a5f9e13fa7c47f78547e54896609da) Importer(815301076,1909f56bfc062723c751e8b465ee728b)  -> (artifact id: '7dd64bd0f9ff77aaacb5180bc074667c') in 0.021397 seconds 
========================================================================
Received Import Request.
  Time since last request: 0.000027 seconds.
  path: Assets/Obi/Editor/Resources/VoxelMaterial.mat
  artifactKey: Guid(130b71128e55b4a3f9a4dceca6667bf9) Importer(815301076,1909f56bfc062723c751e8b465ee728b)
Start importing Assets/Obi/Editor/Resources/VoxelMaterial.mat using Guid(130b71128e55b4a3f9a4dceca6667bf9) Importer(815301076,1909f56bfc062723c751e8b465ee728b)  -> (artifact id: 'b7715617f89c4fca8e0949c9736c7d00') in 0.032110 seconds 
========================================================================
Received Prepare
Registering precompiled user dll's ...
Registered in 0.007545 seconds.
Begin MonoManager ReloadAssembly
Symbol file LoadedFromMemory doesn't match image C:\Users\melih\Desktop\Melih\Unity\UnityProjects\GoodjbDemo\Library\PackageCache\com.unity.visualscripting@1.7.8\Editor\VisualScripting.Core\Dependencies\YamlDotNet\Unity.VisualScripting.YamlDotNet.dll
Symbol file LoadedFromMemory doesn't match image C:\Users\melih\Desktop\Melih\Unity\UnityProjects\GoodjbDemo\Library\PackageCache\com.unity.visualscripting@1.7.8\Editor\VisualScripting.Core\Dependencies\DotNetZip\Unity.VisualScripting.IonicZip.dll
Native extension for WindowsStandalone target not found
Refreshing native plugins compatible for Editor in 0.77 ms, found 4 plugins.
Preloading 0 native plugins for Editor in 0.00 ms.
Mono: successfully reloaded assembly
- Completed reload, in  0.953 seconds
Domain Reload Profiling:
	ReloadAssembly (954ms)
		BeginReloadAssembly (124ms)
			ExecutionOrderSort (0ms)
			DisableScriptedObjects (5ms)
			BackupInstance (0ms)
			ReleaseScriptingObjects (0ms)
			CreateAndSetChildDomain (40ms)
		EndReloadAssembly (735ms)
			LoadAssemblies (80ms)
			RebuildTransferFunctionScriptingTraits (0ms)
			SetupTypeCache (233ms)
			ReleaseScriptCaches (1ms)
			RebuildScriptCaches (32ms)
			SetupLoadedEditorAssemblies (338ms)
				LogAssemblyErrors (0ms)
				InitializePlatformSupportModulesInManaged (9ms)
				SetLoadedEditorAssemblies (0ms)
				RefreshPlugins (1ms)
				BeforeProcessingInitializeOnLoad (76ms)
				ProcessInitializeOnLoadAttributes (168ms)
				ProcessInitializeOnLoadMethodAttributes (76ms)
				AfterProcessingInitializeOnLoad (8ms)
				EditorAssembliesLoaded (0ms)
			ExecutionOrderSort2 (0ms)
			AwakeInstancesAfterBackupRestoration (8ms)
Platform modules already initialized, skipping
Refreshing native plugins compatible for Editor in 2.27 ms, found 4 plugins.
Preloading 0 native plugins for Editor in 0.00 ms.
Unloading 5367 Unused Serialized files (Serialized files now loaded: 0)
Unloading 38 unused Assets / (1.7 MB). Loaded Objects now: 6137.
Memory consumption went from 212.8 MB to 211.1 MB.
Total: 3.479100 ms (FindLiveObjects: 0.319600 ms CreateObjectMapping: 0.251000 ms MarkObjects: 2.319200 ms  DeleteObjects: 0.588600 ms)

AssetImportParameters requested are different than current active one (requested -> active):
  custom:video-decoder-ogg-theora: a1e56fd34408186e4bbccfd4996cb3dc -> 
  custom:container-muxer-webm: aa71ff27fc2769a1b78a27578f13a17b -> 
  custom:container-demuxer-webm: 4f35f7cbe854078d1ac9338744f61a02 -> 
  custom:video-encoder-webm-vp8: eb34c28f22e8b96e1ab97ce403110664 -> 
  custom:audio-encoder-webm-vorbis: bf7c407c2cedff20999df2af8eb42d56 -> 
  custom:framework-win-MediaFoundation: 216162199b28c13a410421893ffa2e32 -> 
  custom:container-demuxer-ogg: 62fdf1f143b41e24485cea50d1cbac27 -> 
  custom:video-decoder-webm-vp8: 9c59270c3fd7afecdb556c50c9e8de78 -> 
  custom:audio-decoder-ogg-vorbis: bf7c407c2cedff20999df2af8eb42d56 -> 
Editor requested this worker to shutdown with reason: Scaling down because of idle timeout
AssetImportWorker is now disconnected from the server
Process exiting
Exiting without the bug reporter. Application will terminate with return code 0